{"level":20,"time":"24/12/2021, 18:56:24","pid":2616,"hostname":"DESKTOP-5T9QAVF","msg":"Logging level: trace"}
{"level":30,"time":"24/12/2021, 18:56:24","pid":2616,"hostname":"DESKTOP-5T9QAVF","msg":"Server listening at http://127.0.0.1:4001"}
{"level":30,"time":"24/12/2021, 18:56:27","pid":2616,"hostname":"DESKTOP-5T9QAVF","reqId":"req-1","req":{"method":"GET","url":"/boards/123","path":"/boards/:boardId","parameters":{"boardId":"123"},"query":{},"headers":{"content-type":"application/json","user-agent":"PostmanRuntime/7.28.4","accept":"*/*","postman-token":"1dd14c68-f8c9-4f05-98a1-6ec7b54b9d55","host":"localhost:4001","accept-encoding":"gzip, deflate, br","connection":"keep-alive","content-length":"137"}},"msg":"incoming request"}
{"level":30,"time":"24/12/2021, 18:56:27","pid":2616,"hostname":"DESKTOP-5T9QAVF","reqId":"req-1","res":{"statusCode":404},"responseTime":5.258400000631809,"msg":"request completed"}
{"level":30,"time":"24/12/2021, 18:56:32","pid":2616,"hostname":"DESKTOP-5T9QAVF","reqId":"req-2","req":{"method":"GET","url":"/boards","path":"/boards","parameters":{},"query":{},"headers":{"content-type":"application/json","user-agent":"PostmanRuntime/7.28.4","accept":"*/*","postman-token":"5c2f25c2-53ff-48d4-a9e1-6e3fe2cd7fcd","host":"localhost:4001","accept-encoding":"gzip, deflate, br","connection":"keep-alive","content-length":"137"}},"msg":"incoming request"}
{"level":50,"time":"24/12/2021, 18:56:32","pid":2616,"hostname":"DESKTOP-5T9QAVF","err":{"type":"Error","message":"Ops","stack":"Error: Ops\n    at Object.getBoards (D:\\Work\\Task-4.-REST-service\\nodejs2021Q4-service\\src\\resources\\boards\\boards.controllers.ts:13:9)\n    at preHandlerCallback (D:\\Work\\Task-4.-REST-service\\nodejs2021Q4-service\\node_modules\\fastify\\lib\\handleRequest.js:126:28)\n    at next (D:\\Work\\Task-4.-REST-service\\nodejs2021Q4-service\\node_modules\\fastify\\lib\\hooks.js:158:7)\n    at Object.<anonymous> (D:\\Work\\Task-4.-REST-service\\nodejs2021Q4-service\\src\\logger\\logger.ts:23:5)\n    at hookIterator (D:\\Work\\Task-4.-REST-service\\nodejs2021Q4-service\\node_modules\\fastify\\lib\\hooks.js:237:10)\n    at next (D:\\Work\\Task-4.-REST-service\\nodejs2021Q4-service\\node_modules\\fastify\\lib\\hooks.js:164:16)\n    at hookRunner (D:\\Work\\Task-4.-REST-service\\nodejs2021Q4-service\\node_modules\\fastify\\lib\\hooks.js:187:3)\n    at preValidationCallback (D:\\Work\\Task-4.-REST-service\\nodejs2021Q4-service\\node_modules\\fastify\\lib\\handleRequest.js:101:5)\n    at handler (D:\\Work\\Task-4.-REST-service\\nodejs2021Q4-service\\node_modules\\fastify\\lib\\handleRequest.js:72:7)\n    at handleRequest (D:\\Work\\Task-4.-REST-service\\nodejs2021Q4-service\\node_modules\\fastify\\lib\\handleRequest.js:20:5)"},"msg":"Ops"}
{"level":30,"time":"24/12/2021, 18:56:32","pid":2616,"hostname":"DESKTOP-5T9QAVF","reqId":"req-2","res":{"statusCode":500},"responseTime":10.282500006258488,"msg":"request completed"}
{"level":20,"time":"24/12/2021, 18:58:35","pid":5372,"hostname":"DESKTOP-5T9QAVF","msg":"Logging level: trace"}
{"level":30,"time":"24/12/2021, 18:58:35","pid":5372,"hostname":"DESKTOP-5T9QAVF","msg":"Server listening at http://127.0.0.1:4001"}
{"level":20,"time":"24/12/2021, 18:59:46","pid":16824,"hostname":"DESKTOP-5T9QAVF","msg":"Logging level: trace"}
{"level":30,"time":"24/12/2021, 18:59:46","pid":16824,"hostname":"DESKTOP-5T9QAVF","msg":"Server listening at http://127.0.0.1:4001"}
{"level":20,"time":"24/12/2021, 19:10:49","pid":17628,"hostname":"DESKTOP-5T9QAVF","msg":"Logging level: trace"}
{"level":30,"time":"24/12/2021, 19:10:49","pid":17628,"hostname":"DESKTOP-5T9QAVF","msg":"Server listening at http://127.0.0.1:4001"}
{"level":20,"time":"24/12/2021, 19:11:25","pid":19948,"hostname":"DESKTOP-5T9QAVF","msg":"Logging level: trace"}
{"level":30,"time":"24/12/2021, 19:11:25","pid":19948,"hostname":"DESKTOP-5T9QAVF","msg":"Server listening at http://127.0.0.1:4001"}
{"level":20,"time":"24/12/2021, 19:15:56","pid":17588,"hostname":"DESKTOP-5T9QAVF","msg":"Logging level: trace"}
{"level":30,"time":"24/12/2021, 19:15:56","pid":17588,"hostname":"DESKTOP-5T9QAVF","msg":"Server listening at http://127.0.0.1:4001"}
{"level":20,"time":"24/12/2021, 19:16:28","pid":17132,"hostname":"DESKTOP-5T9QAVF","msg":"Logging level: trace"}
{"level":30,"time":"24/12/2021, 19:16:28","pid":17132,"hostname":"DESKTOP-5T9QAVF","msg":"Server listening at http://127.0.0.1:4001"}
{"level":30,"time":"24/12/2021, 19:16:36","pid":17132,"hostname":"DESKTOP-5T9QAVF","reqId":"req-1","req":{"method":"GET","url":"/boards","path":"/boards","parameters":{},"query":{},"headers":{"content-type":"application/json","user-agent":"PostmanRuntime/7.28.4","accept":"*/*","postman-token":"81a8f22f-a922-4612-a2f2-02819ba5dbd8","host":"localhost:4001","accept-encoding":"gzip, deflate, br","connection":"keep-alive","content-length":"137"}},"msg":"incoming request"}
{"level":50,"time":"24/12/2021, 19:16:36","pid":17132,"hostname":"DESKTOP-5T9QAVF","err":{"type":"DatabaseError","message":"No response received from the database, please try later","stack":"Error: No response received from the database, please try later\n    at RepositoryMaintenance.getBd (D:\\Work\\Task-4.-REST-service\\nodejs2021Q4-service\\src\\bd\\repository_maintenance.ts:35:13)\n    at Object.getBoards (D:\\Work\\Task-4.-REST-service\\nodejs2021Q4-service\\src\\resources\\boards\\boards.controllers.ts:13:21)\n    at preHandlerCallback (D:\\Work\\Task-4.-REST-service\\nodejs2021Q4-service\\node_modules\\fastify\\lib\\handleRequest.js:126:28)\n    at next (D:\\Work\\Task-4.-REST-service\\nodejs2021Q4-service\\node_modules\\fastify\\lib\\hooks.js:158:7)\n    at Object.<anonymous> (D:\\Work\\Task-4.-REST-service\\nodejs2021Q4-service\\src\\logger\\logger.ts:23:5)\n    at hookIterator (D:\\Work\\Task-4.-REST-service\\nodejs2021Q4-service\\node_modules\\fastify\\lib\\hooks.js:237:10)\n    at next (D:\\Work\\Task-4.-REST-service\\nodejs2021Q4-service\\node_modules\\fastify\\lib\\hooks.js:164:16)\n    at hookRunner (D:\\Work\\Task-4.-REST-service\\nodejs2021Q4-service\\node_modules\\fastify\\lib\\hooks.js:187:3)\n    at preValidationCallback (D:\\Work\\Task-4.-REST-service\\nodejs2021Q4-service\\node_modules\\fastify\\lib\\handleRequest.js:101:5)\n    at handler (D:\\Work\\Task-4.-REST-service\\nodejs2021Q4-service\\node_modules\\fastify\\lib\\handleRequest.js:72:7)","statusCode":503},"msg":"No response received from the database, please try later"}
{"level":30,"time":"24/12/2021, 19:16:36","pid":17132,"hostname":"DESKTOP-5T9QAVF","reqId":"req-1","res":{"statusCode":503},"responseTime":18.312299996614456,"msg":"request completed"}
{"level":20,"time":"24/12/2021, 19:18:42","pid":17572,"hostname":"DESKTOP-5T9QAVF","msg":"Logging level: trace"}
{"level":30,"time":"24/12/2021, 19:18:42","pid":17572,"hostname":"DESKTOP-5T9QAVF","msg":"Server listening at http://127.0.0.1:4001"}
{"level":20,"time":"24/12/2021, 19:22:59","pid":10652,"hostname":"DESKTOP-5T9QAVF","msg":"Logging level: trace"}
{"level":30,"time":"24/12/2021, 19:22:59","pid":10652,"hostname":"DESKTOP-5T9QAVF","msg":"Server listening at http://127.0.0.1:4001"}
{"level":20,"time":"24/12/2021, 20:01:38","pid":19308,"hostname":"DESKTOP-5T9QAVF","msg":"Logging level: trace"}
{"level":30,"time":"24/12/2021, 20:01:38","pid":19308,"hostname":"DESKTOP-5T9QAVF","msg":"Server listening at http://127.0.0.1:4001"}
{"level":30,"time":"24/12/2021, 20:01:42","pid":19308,"hostname":"DESKTOP-5T9QAVF","reqId":"req-1","req":{"method":"POST","url":"/boards","path":"/boards","parameters":{},"query":{},"headers":{"host":"localhost:4001","accept-encoding":"gzip, deflate","accept":"application/json","content-type":"application/json","content-length":"97","connection":"close"}},"msg":"incoming request"}
{"level":30,"time":"24/12/2021, 20:01:42","pid":19308,"hostname":"DESKTOP-5T9QAVF","reqId":"req-1","body":{"title":"Autotest board","columns":[{"title":"Backlog","order":1},{"title":"Sprint","order":2}]},"msg":"parsed body"}
{"level":30,"time":"24/12/2021, 20:01:42","pid":19308,"hostname":"DESKTOP-5T9QAVF","reqId":"req-1","res":{"statusCode":201},"responseTime":9.831199996173382,"msg":"request completed"}
{"level":30,"time":"24/12/2021, 20:01:42","pid":19308,"hostname":"DESKTOP-5T9QAVF","reqId":"req-2","req":{"method":"GET","url":"/boards","path":"/boards","parameters":{},"query":{},"headers":{"host":"localhost:4001","accept-encoding":"gzip, deflate","accept":"application/json","connection":"close"}},"msg":"incoming request"}
{"level":30,"time":"24/12/2021, 20:01:42","pid":19308,"hostname":"DESKTOP-5T9QAVF","reqId":"req-2","res":{"statusCode":200},"responseTime":1.0289000049233437,"msg":"request completed"}
{"level":30,"time":"24/12/2021, 20:01:42","pid":19308,"hostname":"DESKTOP-5T9QAVF","reqId":"req-3","req":{"method":"GET","url":"/boards","path":"/boards","parameters":{},"query":{},"headers":{"host":"localhost:4001","accept-encoding":"gzip, deflate","connection":"close"}},"msg":"incoming request"}
{"level":30,"time":"24/12/2021, 20:01:42","pid":19308,"hostname":"DESKTOP-5T9QAVF","reqId":"req-3","res":{"statusCode":200},"responseTime":0.8506999984383583,"msg":"request completed"}
{"level":30,"time":"24/12/2021, 20:01:42","pid":19308,"hostname":"DESKTOP-5T9QAVF","reqId":"req-4","req":{"method":"GET","url":"/boards/41ed9a89-44f1-4dcc-bf61-4c9975f50072","path":"/boards/:boardId","parameters":{"boardId":"41ed9a89-44f1-4dcc-bf61-4c9975f50072"},"query":{},"headers":{"host":"localhost:4001","accept-encoding":"gzip, deflate","accept":"application/json","connection":"close"}},"msg":"incoming request"}
{"level":30,"time":"24/12/2021, 20:01:42","pid":19308,"hostname":"DESKTOP-5T9QAVF","reqId":"req-4","res":{"statusCode":200},"responseTime":0.9187999963760376,"msg":"request completed"}
{"level":30,"time":"24/12/2021, 20:01:42","pid":19308,"hostname":"DESKTOP-5T9QAVF","reqId":"req-5","req":{"method":"POST","url":"/boards","path":"/boards","parameters":{},"query":{},"headers":{"host":"localhost:4001","accept-encoding":"gzip, deflate","accept":"application/json","content-type":"application/json","content-length":"97","connection":"close"}},"msg":"incoming request"}
{"level":30,"time":"24/12/2021, 20:01:42","pid":19308,"hostname":"DESKTOP-5T9QAVF","reqId":"req-5","body":{"title":"Autotest board","columns":[{"title":"Backlog","order":1},{"title":"Sprint","order":2}]},"msg":"parsed body"}
{"level":30,"time":"24/12/2021, 20:01:42","pid":19308,"hostname":"DESKTOP-5T9QAVF","reqId":"req-5","res":{"statusCode":201},"responseTime":2.477800004184246,"msg":"request completed"}
{"level":30,"time":"24/12/2021, 20:01:42","pid":19308,"hostname":"DESKTOP-5T9QAVF","reqId":"req-6","req":{"method":"DELETE","url":"/boards/ecb26d0e-768f-4ee8-957b-ee0b3bc4d8d0","path":"/boards/:boardId","parameters":{"boardId":"ecb26d0e-768f-4ee8-957b-ee0b3bc4d8d0"},"query":{},"headers":{"host":"localhost:4001","accept-encoding":"gzip, deflate","connection":"close"}},"msg":"incoming request"}
{"level":30,"time":"24/12/2021, 20:01:42","pid":19308,"hostname":"DESKTOP-5T9QAVF","reqId":"req-6","res":{"statusCode":200},"responseTime":0.9250999987125397,"msg":"request completed"}
{"level":30,"time":"24/12/2021, 20:01:42","pid":19308,"hostname":"DESKTOP-5T9QAVF","reqId":"req-7","req":{"method":"POST","url":"/boards","path":"/boards","parameters":{},"query":{},"headers":{"host":"localhost:4001","accept-encoding":"gzip, deflate","accept":"application/json","content-type":"application/json","content-length":"97","connection":"close"}},"msg":"incoming request"}
{"level":30,"time":"24/12/2021, 20:01:42","pid":19308,"hostname":"DESKTOP-5T9QAVF","reqId":"req-7","body":{"title":"Autotest board","columns":[{"title":"Backlog","order":1},{"title":"Sprint","order":2}]},"msg":"parsed body"}
{"level":30,"time":"24/12/2021, 20:01:42","pid":19308,"hostname":"DESKTOP-5T9QAVF","reqId":"req-7","res":{"statusCode":201},"responseTime":1.2356000021100044,"msg":"request completed"}
{"level":30,"time":"24/12/2021, 20:01:42","pid":19308,"hostname":"DESKTOP-5T9QAVF","reqId":"req-8","req":{"method":"PUT","url":"/boards/843c086e-df47-4e7b-afa1-b90164b74ef7","path":"/boards/:boardId","parameters":{"boardId":"843c086e-df47-4e7b-afa1-b90164b74ef7"},"query":{},"headers":{"host":"localhost:4001","accept-encoding":"gzip, deflate","accept":"application/json","content-type":"application/json","content-length":"237","connection":"close"}},"msg":"incoming request"}
{"level":30,"time":"24/12/2021, 20:01:42","pid":19308,"hostname":"DESKTOP-5T9QAVF","reqId":"req-8","body":{"id":"843c086e-df47-4e7b-afa1-b90164b74ef7","title":"Autotest updated board","columns":[{"id":"5ca18021-1efd-4303-bb12-482f428b9bbb","order":1,"title":"Backlog"},{"id":"04d7e91b-ddec-4d02-b170-e02084bf2e13","order":2,"title":"Sprint"}]},"msg":"parsed body"}
{"level":30,"time":"24/12/2021, 20:01:42","pid":19308,"hostname":"DESKTOP-5T9QAVF","reqId":"req-8","res":{"statusCode":200},"responseTime":1.3366999998688698,"msg":"request completed"}
{"level":30,"time":"24/12/2021, 20:01:42","pid":19308,"hostname":"DESKTOP-5T9QAVF","reqId":"req-9","req":{"method":"GET","url":"/boards/843c086e-df47-4e7b-afa1-b90164b74ef7","path":"/boards/:boardId","parameters":{"boardId":"843c086e-df47-4e7b-afa1-b90164b74ef7"},"query":{},"headers":{"host":"localhost:4001","accept-encoding":"gzip, deflate","accept":"application/json","connection":"close"}},"msg":"incoming request"}
{"level":30,"time":"24/12/2021, 20:01:42","pid":19308,"hostname":"DESKTOP-5T9QAVF","reqId":"req-9","res":{"statusCode":200},"responseTime":0.6039999946951866,"msg":"request completed"}
{"level":30,"time":"24/12/2021, 20:01:42","pid":19308,"hostname":"DESKTOP-5T9QAVF","reqId":"req-a","req":{"method":"DELETE","url":"/boards/843c086e-df47-4e7b-afa1-b90164b74ef7","path":"/boards/:boardId","parameters":{"boardId":"843c086e-df47-4e7b-afa1-b90164b74ef7"},"query":{},"headers":{"host":"localhost:4001","accept-encoding":"gzip, deflate","connection":"close"}},"msg":"incoming request"}
{"level":30,"time":"24/12/2021, 20:01:42","pid":19308,"hostname":"DESKTOP-5T9QAVF","reqId":"req-a","res":{"statusCode":200},"responseTime":0.6940999999642372,"msg":"request completed"}
{"level":30,"time":"24/12/2021, 20:01:42","pid":19308,"hostname":"DESKTOP-5T9QAVF","reqId":"req-b","req":{"method":"POST","url":"/boards","path":"/boards","parameters":{},"query":{},"headers":{"host":"localhost:4001","accept-encoding":"gzip, deflate","accept":"application/json","content-type":"application/json","content-length":"97","connection":"close"}},"msg":"incoming request"}
{"level":30,"time":"24/12/2021, 20:01:42","pid":19308,"hostname":"DESKTOP-5T9QAVF","reqId":"req-b","body":{"title":"Autotest board","columns":[{"title":"Backlog","order":1},{"title":"Sprint","order":2}]},"msg":"parsed body"}
{"level":30,"time":"24/12/2021, 20:01:42","pid":19308,"hostname":"DESKTOP-5T9QAVF","reqId":"req-b","res":{"statusCode":201},"responseTime":1.2192999944090843,"msg":"request completed"}
{"level":30,"time":"24/12/2021, 20:01:42","pid":19308,"hostname":"DESKTOP-5T9QAVF","reqId":"req-c","req":{"method":"DELETE","url":"/boards/85e203d7-983c-4d94-8934-a3f7c9528f5a","path":"/boards/:boardId","parameters":{"boardId":"85e203d7-983c-4d94-8934-a3f7c9528f5a"},"query":{},"headers":{"host":"localhost:4001","accept-encoding":"gzip, deflate","connection":"close"}},"msg":"incoming request"}
{"level":30,"time":"24/12/2021, 20:01:42","pid":19308,"hostname":"DESKTOP-5T9QAVF","reqId":"req-c","res":{"statusCode":200},"responseTime":0.6488000005483627,"msg":"request completed"}
{"level":30,"time":"24/12/2021, 20:01:42","pid":19308,"hostname":"DESKTOP-5T9QAVF","reqId":"req-d","req":{"method":"GET","url":"/boards/85e203d7-983c-4d94-8934-a3f7c9528f5a","path":"/boards/:boardId","parameters":{"boardId":"85e203d7-983c-4d94-8934-a3f7c9528f5a"},"query":{},"headers":{"host":"localhost:4001","accept-encoding":"gzip, deflate","connection":"close"}},"msg":"incoming request"}
{"level":30,"time":"24/12/2021, 20:01:42","pid":19308,"hostname":"DESKTOP-5T9QAVF","reqId":"req-d","res":{"statusCode":404},"responseTime":0.48510000109672546,"msg":"request completed"}
{"level":30,"time":"24/12/2021, 20:01:42","pid":19308,"hostname":"DESKTOP-5T9QAVF","reqId":"req-e","req":{"method":"POST","url":"/boards","path":"/boards","parameters":{},"query":{},"headers":{"host":"localhost:4001","accept-encoding":"gzip, deflate","accept":"application/json","content-type":"application/json","content-length":"97","connection":"close"}},"msg":"incoming request"}
{"level":30,"time":"24/12/2021, 20:01:42","pid":19308,"hostname":"DESKTOP-5T9QAVF","reqId":"req-e","body":{"title":"Autotest board","columns":[{"title":"Backlog","order":1},{"title":"Sprint","order":2}]},"msg":"parsed body"}
{"level":30,"time":"24/12/2021, 20:01:42","pid":19308,"hostname":"DESKTOP-5T9QAVF","reqId":"req-e","res":{"statusCode":201},"responseTime":1.1501000002026558,"msg":"request completed"}
{"level":30,"time":"24/12/2021, 20:01:42","pid":19308,"hostname":"DESKTOP-5T9QAVF","reqId":"req-f","req":{"method":"POST","url":"/boards/6aa0a99b-44ac-438a-aace-832c449a5722/tasks","path":"/boards/:boardId/tasks","parameters":{"boardId":"6aa0a99b-44ac-438a-aace-832c449a5722"},"query":{},"headers":{"host":"localhost:4001","accept-encoding":"gzip, deflate","content-type":"application/json","accept":"application/json","content-length":"136","connection":"close"}},"msg":"incoming request"}
{"level":30,"time":"24/12/2021, 20:01:42","pid":19308,"hostname":"DESKTOP-5T9QAVF","reqId":"req-f","body":{"title":"Task #1","order":1,"description":"Lorem ipsum","boardId":"6aa0a99b-44ac-438a-aace-832c449a5722","userId":null,"columnId":null},"msg":"parsed body"}
{"level":30,"time":"24/12/2021, 20:01:42","pid":19308,"hostname":"DESKTOP-5T9QAVF","reqId":"req-f","res":{"statusCode":201},"responseTime":3.042600005865097,"msg":"request completed"}
{"level":30,"time":"24/12/2021, 20:01:42","pid":19308,"hostname":"DESKTOP-5T9QAVF","reqId":"req-g","req":{"method":"POST","url":"/boards/6aa0a99b-44ac-438a-aace-832c449a5722/tasks","path":"/boards/:boardId/tasks","parameters":{"boardId":"6aa0a99b-44ac-438a-aace-832c449a5722"},"query":{},"headers":{"host":"localhost:4001","accept-encoding":"gzip, deflate","content-type":"application/json","accept":"application/json","content-length":"136","connection":"close"}},"msg":"incoming request"}
{"level":30,"time":"24/12/2021, 20:01:42","pid":19308,"hostname":"DESKTOP-5T9QAVF","reqId":"req-g","body":{"title":"Task #2","order":2,"description":"Lorem ipsum","boardId":"6aa0a99b-44ac-438a-aace-832c449a5722","userId":null,"columnId":null},"msg":"parsed body"}
{"level":30,"time":"24/12/2021, 20:01:42","pid":19308,"hostname":"DESKTOP-5T9QAVF","reqId":"req-g","res":{"statusCode":201},"responseTime":1.8503000065684319,"msg":"request completed"}
{"level":30,"time":"24/12/2021, 20:01:42","pid":19308,"hostname":"DESKTOP-5T9QAVF","reqId":"req-h","req":{"method":"POST","url":"/boards/6aa0a99b-44ac-438a-aace-832c449a5722/tasks","path":"/boards/:boardId/tasks","parameters":{"boardId":"6aa0a99b-44ac-438a-aace-832c449a5722"},"query":{},"headers":{"host":"localhost:4001","accept-encoding":"gzip, deflate","content-type":"application/json","accept":"application/json","content-length":"136","connection":"close"}},"msg":"incoming request"}
{"level":30,"time":"24/12/2021, 20:01:42","pid":19308,"hostname":"DESKTOP-5T9QAVF","reqId":"req-h","body":{"title":"Task #3","order":3,"description":"Lorem ipsum","boardId":"6aa0a99b-44ac-438a-aace-832c449a5722","userId":null,"columnId":null},"msg":"parsed body"}
{"level":30,"time":"24/12/2021, 20:01:42","pid":19308,"hostname":"DESKTOP-5T9QAVF","reqId":"req-h","res":{"statusCode":201},"responseTime":1.7026999965310097,"msg":"request completed"}
{"level":30,"time":"24/12/2021, 20:01:42","pid":19308,"hostname":"DESKTOP-5T9QAVF","reqId":"req-i","req":{"method":"POST","url":"/boards/6aa0a99b-44ac-438a-aace-832c449a5722/tasks","path":"/boards/:boardId/tasks","parameters":{"boardId":"6aa0a99b-44ac-438a-aace-832c449a5722"},"query":{},"headers":{"host":"localhost:4001","accept-encoding":"gzip, deflate","content-type":"application/json","accept":"application/json","content-length":"136","connection":"close"}},"msg":"incoming request"}
{"level":30,"time":"24/12/2021, 20:01:42","pid":19308,"hostname":"DESKTOP-5T9QAVF","reqId":"req-i","body":{"title":"Task #4","order":4,"description":"Lorem ipsum","boardId":"6aa0a99b-44ac-438a-aace-832c449a5722","userId":null,"columnId":null},"msg":"parsed body"}
{"level":30,"time":"24/12/2021, 20:01:42","pid":19308,"hostname":"DESKTOP-5T9QAVF","reqId":"req-i","res":{"statusCode":201},"responseTime":2.09850000590086,"msg":"request completed"}
{"level":30,"time":"24/12/2021, 20:01:42","pid":19308,"hostname":"DESKTOP-5T9QAVF","reqId":"req-j","req":{"method":"POST","url":"/boards/6aa0a99b-44ac-438a-aace-832c449a5722/tasks","path":"/boards/:boardId/tasks","parameters":{"boardId":"6aa0a99b-44ac-438a-aace-832c449a5722"},"query":{},"headers":{"host":"localhost:4001","accept-encoding":"gzip, deflate","content-type":"application/json","accept":"application/json","content-length":"136","connection":"close"}},"msg":"incoming request"}
{"level":30,"time":"24/12/2021, 20:01:42","pid":19308,"hostname":"DESKTOP-5T9QAVF","reqId":"req-j","body":{"title":"Task #5","order":5,"description":"Lorem ipsum","boardId":"6aa0a99b-44ac-438a-aace-832c449a5722","userId":null,"columnId":null},"msg":"parsed body"}
{"level":30,"time":"24/12/2021, 20:01:42","pid":19308,"hostname":"DESKTOP-5T9QAVF","reqId":"req-j","res":{"statusCode":201},"responseTime":1.9324000030755997,"msg":"request completed"}
{"level":30,"time":"24/12/2021, 20:01:42","pid":19308,"hostname":"DESKTOP-5T9QAVF","reqId":"req-k","req":{"method":"GET","url":"/boards/6aa0a99b-44ac-438a-aace-832c449a5722/tasks/62bf325a-44dc-4f6e-aa49-6785a6e7653a","path":"/boards/:boardId/tasks/:taskId","parameters":{"boardId":"6aa0a99b-44ac-438a-aace-832c449a5722","taskId":"62bf325a-44dc-4f6e-aa49-6785a6e7653a"},"query":{},"headers":{"host":"localhost:4001","accept-encoding":"gzip, deflate","accept":"application/json","connection":"close"}},"msg":"incoming request"}
{"level":30,"time":"24/12/2021, 20:01:42","pid":19308,"hostname":"DESKTOP-5T9QAVF","reqId":"req-k","res":{"statusCode":200},"responseTime":3.1453000009059906,"msg":"request completed"}
{"level":30,"time":"24/12/2021, 20:01:42","pid":19308,"hostname":"DESKTOP-5T9QAVF","reqId":"req-l","req":{"method":"GET","url":"/boards/6aa0a99b-44ac-438a-aace-832c449a5722/tasks/31379951-f988-4bf9-9e10-f5cfb0514228","path":"/boards/:boardId/tasks/:taskId","parameters":{"boardId":"6aa0a99b-44ac-438a-aace-832c449a5722","taskId":"31379951-f988-4bf9-9e10-f5cfb0514228"},"query":{},"headers":{"host":"localhost:4001","accept-encoding":"gzip, deflate","accept":"application/json","connection":"close"}},"msg":"incoming request"}
{"level":30,"time":"24/12/2021, 20:01:42","pid":19308,"hostname":"DESKTOP-5T9QAVF","reqId":"req-l","res":{"statusCode":200},"responseTime":1.3017000034451485,"msg":"request completed"}
{"level":30,"time":"24/12/2021, 20:01:42","pid":19308,"hostname":"DESKTOP-5T9QAVF","reqId":"req-m","req":{"method":"GET","url":"/boards/6aa0a99b-44ac-438a-aace-832c449a5722/tasks/097b1845-eba1-4c68-b41f-851577e87bba","path":"/boards/:boardId/tasks/:taskId","parameters":{"boardId":"6aa0a99b-44ac-438a-aace-832c449a5722","taskId":"097b1845-eba1-4c68-b41f-851577e87bba"},"query":{},"headers":{"host":"localhost:4001","accept-encoding":"gzip, deflate","accept":"application/json","connection":"close"}},"msg":"incoming request"}
{"level":30,"time":"24/12/2021, 20:01:42","pid":19308,"hostname":"DESKTOP-5T9QAVF","reqId":"req-m","res":{"statusCode":200},"responseTime":0.6950000002980232,"msg":"request completed"}
{"level":30,"time":"24/12/2021, 20:01:42","pid":19308,"hostname":"DESKTOP-5T9QAVF","reqId":"req-n","req":{"method":"GET","url":"/boards/6aa0a99b-44ac-438a-aace-832c449a5722/tasks/028edd84-c4fb-4b4c-ad1d-894138020316","path":"/boards/:boardId/tasks/:taskId","parameters":{"boardId":"6aa0a99b-44ac-438a-aace-832c449a5722","taskId":"028edd84-c4fb-4b4c-ad1d-894138020316"},"query":{},"headers":{"host":"localhost:4001","accept-encoding":"gzip, deflate","accept":"application/json","connection":"close"}},"msg":"incoming request"}
{"level":30,"time":"24/12/2021, 20:01:42","pid":19308,"hostname":"DESKTOP-5T9QAVF","reqId":"req-n","res":{"statusCode":200},"responseTime":1.0392000004649162,"msg":"request completed"}
{"level":30,"time":"24/12/2021, 20:01:42","pid":19308,"hostname":"DESKTOP-5T9QAVF","reqId":"req-o","req":{"method":"GET","url":"/boards/6aa0a99b-44ac-438a-aace-832c449a5722/tasks/3caba4f5-bddb-4f5b-b7d4-008a83cff610","path":"/boards/:boardId/tasks/:taskId","parameters":{"boardId":"6aa0a99b-44ac-438a-aace-832c449a5722","taskId":"3caba4f5-bddb-4f5b-b7d4-008a83cff610"},"query":{},"headers":{"host":"localhost:4001","accept-encoding":"gzip, deflate","accept":"application/json","connection":"close"}},"msg":"incoming request"}
{"level":30,"time":"24/12/2021, 20:01:42","pid":19308,"hostname":"DESKTOP-5T9QAVF","reqId":"req-o","res":{"statusCode":200},"responseTime":0.5575999990105629,"msg":"request completed"}
{"level":30,"time":"24/12/2021, 20:01:42","pid":19308,"hostname":"DESKTOP-5T9QAVF","reqId":"req-p","req":{"method":"DELETE","url":"/boards/6aa0a99b-44ac-438a-aace-832c449a5722","path":"/boards/:boardId","parameters":{"boardId":"6aa0a99b-44ac-438a-aace-832c449a5722"},"query":{},"headers":{"host":"localhost:4001","accept-encoding":"gzip, deflate","connection":"close"}},"msg":"incoming request"}
{"level":30,"time":"24/12/2021, 20:01:42","pid":19308,"hostname":"DESKTOP-5T9QAVF","reqId":"req-p","res":{"statusCode":200},"responseTime":0.9624000042676926,"msg":"request completed"}
{"level":30,"time":"24/12/2021, 20:01:42","pid":19308,"hostname":"DESKTOP-5T9QAVF","reqId":"req-q","req":{"method":"GET","url":"/boards/6aa0a99b-44ac-438a-aace-832c449a5722/tasks/62bf325a-44dc-4f6e-aa49-6785a6e7653a","path":"/boards/:boardId/tasks/:taskId","parameters":{"boardId":"6aa0a99b-44ac-438a-aace-832c449a5722","taskId":"62bf325a-44dc-4f6e-aa49-6785a6e7653a"},"query":{},"headers":{"host":"localhost:4001","accept-encoding":"gzip, deflate","connection":"close"}},"msg":"incoming request"}
{"level":30,"time":"24/12/2021, 20:01:42","pid":19308,"hostname":"DESKTOP-5T9QAVF","reqId":"req-q","res":{"statusCode":404},"responseTime":1.1440000012516975,"msg":"request completed"}
{"level":30,"time":"24/12/2021, 20:01:42","pid":19308,"hostname":"DESKTOP-5T9QAVF","reqId":"req-r","req":{"method":"GET","url":"/boards/6aa0a99b-44ac-438a-aace-832c449a5722/tasks/31379951-f988-4bf9-9e10-f5cfb0514228","path":"/boards/:boardId/tasks/:taskId","parameters":{"boardId":"6aa0a99b-44ac-438a-aace-832c449a5722","taskId":"31379951-f988-4bf9-9e10-f5cfb0514228"},"query":{},"headers":{"host":"localhost:4001","accept-encoding":"gzip, deflate","connection":"close"}},"msg":"incoming request"}
{"level":30,"time":"24/12/2021, 20:01:42","pid":19308,"hostname":"DESKTOP-5T9QAVF","reqId":"req-r","res":{"statusCode":404},"responseTime":1.1401000022888184,"msg":"request completed"}
{"level":30,"time":"24/12/2021, 20:01:42","pid":19308,"hostname":"DESKTOP-5T9QAVF","reqId":"req-s","req":{"method":"GET","url":"/boards/6aa0a99b-44ac-438a-aace-832c449a5722/tasks/097b1845-eba1-4c68-b41f-851577e87bba","path":"/boards/:boardId/tasks/:taskId","parameters":{"boardId":"6aa0a99b-44ac-438a-aace-832c449a5722","taskId":"097b1845-eba1-4c68-b41f-851577e87bba"},"query":{},"headers":{"host":"localhost:4001","accept-encoding":"gzip, deflate","connection":"close"}},"msg":"incoming request"}
{"level":30,"time":"24/12/2021, 20:01:42","pid":19308,"hostname":"DESKTOP-5T9QAVF","reqId":"req-s","res":{"statusCode":404},"responseTime":0.9144999980926514,"msg":"request completed"}
{"level":30,"time":"24/12/2021, 20:01:42","pid":19308,"hostname":"DESKTOP-5T9QAVF","reqId":"req-t","req":{"method":"GET","url":"/boards/6aa0a99b-44ac-438a-aace-832c449a5722/tasks/028edd84-c4fb-4b4c-ad1d-894138020316","path":"/boards/:boardId/tasks/:taskId","parameters":{"boardId":"6aa0a99b-44ac-438a-aace-832c449a5722","taskId":"028edd84-c4fb-4b4c-ad1d-894138020316"},"query":{},"headers":{"host":"localhost:4001","accept-encoding":"gzip, deflate","connection":"close"}},"msg":"incoming request"}
{"level":30,"time":"24/12/2021, 20:01:42","pid":19308,"hostname":"DESKTOP-5T9QAVF","reqId":"req-t","res":{"statusCode":404},"responseTime":0.7941000014543533,"msg":"request completed"}
{"level":30,"time":"24/12/2021, 20:01:42","pid":19308,"hostname":"DESKTOP-5T9QAVF","reqId":"req-u","req":{"method":"GET","url":"/boards/6aa0a99b-44ac-438a-aace-832c449a5722/tasks/3caba4f5-bddb-4f5b-b7d4-008a83cff610","path":"/boards/:boardId/tasks/:taskId","parameters":{"boardId":"6aa0a99b-44ac-438a-aace-832c449a5722","taskId":"3caba4f5-bddb-4f5b-b7d4-008a83cff610"},"query":{},"headers":{"host":"localhost:4001","accept-encoding":"gzip, deflate","connection":"close"}},"msg":"incoming request"}
{"level":30,"time":"24/12/2021, 20:01:42","pid":19308,"hostname":"DESKTOP-5T9QAVF","reqId":"req-u","res":{"statusCode":404},"responseTime":0.4758000001311302,"msg":"request completed"}
{"level":30,"time":"24/12/2021, 20:01:42","pid":19308,"hostname":"DESKTOP-5T9QAVF","reqId":"req-v","req":{"method":"DELETE","url":"/boards/41ed9a89-44f1-4dcc-bf61-4c9975f50072","path":"/boards/:boardId","parameters":{"boardId":"41ed9a89-44f1-4dcc-bf61-4c9975f50072"},"query":{},"headers":{"host":"localhost:4001","accept-encoding":"gzip, deflate","connection":"close"}},"msg":"incoming request"}
{"level":30,"time":"24/12/2021, 20:01:42","pid":19308,"hostname":"DESKTOP-5T9QAVF","reqId":"req-v","res":{"statusCode":200},"responseTime":0.9516000002622604,"msg":"request completed"}
{"level":30,"time":"24/12/2021, 20:01:42","pid":19308,"hostname":"DESKTOP-5T9QAVF","reqId":"req-w","req":{"method":"GET","url":"/users","path":"/users","parameters":{},"query":{},"headers":{"host":"localhost:4001","accept-encoding":"gzip, deflate","accept":"application/json","connection":"close"}},"msg":"incoming request"}
{"level":30,"time":"24/12/2021, 20:01:42","pid":19308,"hostname":"DESKTOP-5T9QAVF","reqId":"req-w","res":{"statusCode":200},"responseTime":0.49220000207424164,"msg":"request completed"}
{"level":30,"time":"24/12/2021, 20:01:43","pid":19308,"hostname":"DESKTOP-5T9QAVF","reqId":"req-x","req":{"method":"POST","url":"/users","path":"/users","parameters":{},"query":{},"headers":{"host":"localhost:4001","accept-encoding":"gzip, deflate","accept":"application/json","content-type":"application/json","content-length":"67","connection":"close"}},"msg":"incoming request"}
{"level":30,"time":"24/12/2021, 20:01:43","pid":19308,"hostname":"DESKTOP-5T9QAVF","reqId":"req-x","body":{"name":"TEST_USER","login":"test_user","password":"T35t_P@55w0rd"},"msg":"parsed body"}
{"level":30,"time":"24/12/2021, 20:01:43","pid":19308,"hostname":"DESKTOP-5T9QAVF","reqId":"req-x","res":{"statusCode":201},"responseTime":1.2575000002980232,"msg":"request completed"}
{"level":30,"time":"24/12/2021, 20:01:43","pid":19308,"hostname":"DESKTOP-5T9QAVF","reqId":"req-y","req":{"method":"GET","url":"/users/f3da1ddc-8f28-488d-9b0a-b48e34b65070","path":"/users/:userId","parameters":{"userId":"f3da1ddc-8f28-488d-9b0a-b48e34b65070"},"query":{},"headers":{"host":"localhost:4001","accept-encoding":"gzip, deflate","accept":"application/json","connection":"close"}},"msg":"incoming request"}
{"level":30,"time":"24/12/2021, 20:01:43","pid":19308,"hostname":"DESKTOP-5T9QAVF","reqId":"req-y","res":{"statusCode":200},"responseTime":0.7501999959349632,"msg":"request completed"}
{"level":30,"time":"24/12/2021, 20:01:43","pid":19308,"hostname":"DESKTOP-5T9QAVF","reqId":"req-z","req":{"method":"DELETE","url":"/users/f3da1ddc-8f28-488d-9b0a-b48e34b65070","path":"/users/:userId","parameters":{"userId":"f3da1ddc-8f28-488d-9b0a-b48e34b65070"},"query":{},"headers":{"host":"localhost:4001","accept-encoding":"gzip, deflate","connection":"close"}},"msg":"incoming request"}
{"level":30,"time":"24/12/2021, 20:01:43","pid":19308,"hostname":"DESKTOP-5T9QAVF","reqId":"req-z","res":{"statusCode":200},"responseTime":0.9527000039815903,"msg":"request completed"}
{"level":30,"time":"24/12/2021, 20:01:43","pid":19308,"hostname":"DESKTOP-5T9QAVF","reqId":"req-10","req":{"method":"POST","url":"/users","path":"/users","parameters":{},"query":{},"headers":{"host":"localhost:4001","accept-encoding":"gzip, deflate","accept":"application/json","content-type":"application/json","content-length":"67","connection":"close"}},"msg":"incoming request"}
{"level":30,"time":"24/12/2021, 20:01:43","pid":19308,"hostname":"DESKTOP-5T9QAVF","reqId":"req-10","body":{"name":"TEST_USER","login":"test_user","password":"T35t_P@55w0rd"},"msg":"parsed body"}
{"level":30,"time":"24/12/2021, 20:01:43","pid":19308,"hostname":"DESKTOP-5T9QAVF","reqId":"req-10","res":{"statusCode":201},"responseTime":1.1675000041723251,"msg":"request completed"}
{"level":30,"time":"24/12/2021, 20:01:43","pid":19308,"hostname":"DESKTOP-5T9QAVF","reqId":"req-11","req":{"method":"DELETE","url":"/users/db9949fb-1839-4f2a-92b1-adf6c032b9dc","path":"/users/:userId","parameters":{"userId":"db9949fb-1839-4f2a-92b1-adf6c032b9dc"},"query":{},"headers":{"host":"localhost:4001","accept-encoding":"gzip, deflate","connection":"close"}},"msg":"incoming request"}
{"level":30,"time":"24/12/2021, 20:01:43","pid":19308,"hostname":"DESKTOP-5T9QAVF","reqId":"req-11","res":{"statusCode":200},"responseTime":0.4368000030517578,"msg":"request completed"}
{"level":30,"time":"24/12/2021, 20:01:43","pid":19308,"hostname":"DESKTOP-5T9QAVF","reqId":"req-12","req":{"method":"POST","url":"/users","path":"/users","parameters":{},"query":{},"headers":{"host":"localhost:4001","accept-encoding":"gzip, deflate","accept":"application/json","content-type":"application/json","content-length":"67","connection":"close"}},"msg":"incoming request"}
{"level":30,"time":"24/12/2021, 20:01:43","pid":19308,"hostname":"DESKTOP-5T9QAVF","reqId":"req-12","body":{"name":"TEST_USER","login":"test_user","password":"T35t_P@55w0rd"},"msg":"parsed body"}
{"level":30,"time":"24/12/2021, 20:01:43","pid":19308,"hostname":"DESKTOP-5T9QAVF","reqId":"req-12","res":{"statusCode":201},"responseTime":0.9334999993443489,"msg":"request completed"}
{"level":30,"time":"24/12/2021, 20:01:43","pid":19308,"hostname":"DESKTOP-5T9QAVF","reqId":"req-13","req":{"method":"PUT","url":"/users/91b31b3a-3ce5-4df6-baf6-e207757b7b07","path":"/users/:userId","parameters":{"userId":"91b31b3a-3ce5-4df6-baf6-e207757b7b07"},"query":{},"headers":{"host":"localhost:4001","accept-encoding":"gzip, deflate","accept":"application/json","content-type":"application/json","content-length":"128","connection":"close"}},"msg":"incoming request"}
{"level":30,"time":"24/12/2021, 20:01:43","pid":19308,"hostname":"DESKTOP-5T9QAVF","reqId":"req-13","body":{"name":"Autotest updated TEST_USER","login":"test_user","password":"T35t_P@55w0rd","id":"91b31b3a-3ce5-4df6-baf6-e207757b7b07"},"msg":"parsed body"}
{"level":30,"time":"24/12/2021, 20:01:43","pid":19308,"hostname":"DESKTOP-5T9QAVF","reqId":"req-13","res":{"statusCode":200},"responseTime":1.2951999977231026,"msg":"request completed"}
{"level":30,"time":"24/12/2021, 20:01:43","pid":19308,"hostname":"DESKTOP-5T9QAVF","reqId":"req-14","req":{"method":"GET","url":"/users/91b31b3a-3ce5-4df6-baf6-e207757b7b07","path":"/users/:userId","parameters":{"userId":"91b31b3a-3ce5-4df6-baf6-e207757b7b07"},"query":{},"headers":{"host":"localhost:4001","accept-encoding":"gzip, deflate","accept":"application/json","connection":"close"}},"msg":"incoming request"}
{"level":30,"time":"24/12/2021, 20:01:43","pid":19308,"hostname":"DESKTOP-5T9QAVF","reqId":"req-14","res":{"statusCode":200},"responseTime":0.26090000569820404,"msg":"request completed"}
{"level":30,"time":"24/12/2021, 20:01:43","pid":19308,"hostname":"DESKTOP-5T9QAVF","reqId":"req-15","req":{"method":"DELETE","url":"/users/91b31b3a-3ce5-4df6-baf6-e207757b7b07","path":"/users/:userId","parameters":{"userId":"91b31b3a-3ce5-4df6-baf6-e207757b7b07"},"query":{},"headers":{"host":"localhost:4001","accept-encoding":"gzip, deflate","connection":"close"}},"msg":"incoming request"}
{"level":30,"time":"24/12/2021, 20:01:43","pid":19308,"hostname":"DESKTOP-5T9QAVF","reqId":"req-15","res":{"statusCode":200},"responseTime":0.35840000212192535,"msg":"request completed"}
{"level":30,"time":"24/12/2021, 20:01:43","pid":19308,"hostname":"DESKTOP-5T9QAVF","reqId":"req-16","req":{"method":"POST","url":"/users","path":"/users","parameters":{},"query":{},"headers":{"host":"localhost:4001","accept-encoding":"gzip, deflate","content-type":"application/json","content-length":"67","connection":"close"}},"msg":"incoming request"}
{"level":30,"time":"24/12/2021, 20:01:43","pid":19308,"hostname":"DESKTOP-5T9QAVF","reqId":"req-16","body":{"name":"TEST_USER","login":"test_user","password":"T35t_P@55w0rd"},"msg":"parsed body"}
{"level":30,"time":"24/12/2021, 20:01:43","pid":19308,"hostname":"DESKTOP-5T9QAVF","reqId":"req-16","res":{"statusCode":201},"responseTime":0.8999999985098839,"msg":"request completed"}
{"level":30,"time":"24/12/2021, 20:01:43","pid":19308,"hostname":"DESKTOP-5T9QAVF","reqId":"req-17","req":{"method":"DELETE","url":"/users/5a2f157d-1be8-45cc-b3fc-bf918ff0dd7a","path":"/users/:userId","parameters":{"userId":"5a2f157d-1be8-45cc-b3fc-bf918ff0dd7a"},"query":{},"headers":{"host":"localhost:4001","accept-encoding":"gzip, deflate","connection":"close"}},"msg":"incoming request"}
{"level":30,"time":"24/12/2021, 20:01:43","pid":19308,"hostname":"DESKTOP-5T9QAVF","reqId":"req-17","res":{"statusCode":200},"responseTime":0.26900000125169754,"msg":"request completed"}
{"level":30,"time":"24/12/2021, 20:01:43","pid":19308,"hostname":"DESKTOP-5T9QAVF","reqId":"req-18","req":{"method":"POST","url":"/users","path":"/users","parameters":{},"query":{},"headers":{"host":"localhost:4001","accept-encoding":"gzip, deflate","content-type":"application/json","accept":"application/json","content-length":"67","connection":"close"}},"msg":"incoming request"}
{"level":30,"time":"24/12/2021, 20:01:43","pid":19308,"hostname":"DESKTOP-5T9QAVF","reqId":"req-18","body":{"name":"TEST_USER","login":"test_user","password":"T35t_P@55w0rd"},"msg":"parsed body"}
{"level":30,"time":"24/12/2021, 20:01:43","pid":19308,"hostname":"DESKTOP-5T9QAVF","reqId":"req-18","res":{"statusCode":201},"responseTime":1.0178999975323677,"msg":"request completed"}
{"level":30,"time":"24/12/2021, 20:01:43","pid":19308,"hostname":"DESKTOP-5T9QAVF","reqId":"req-19","req":{"method":"POST","url":"/boards","path":"/boards","parameters":{},"query":{},"headers":{"host":"localhost:4001","accept-encoding":"gzip, deflate","content-type":"application/json","accept":"application/json","content-length":"97","connection":"close"}},"msg":"incoming request"}
{"level":30,"time":"24/12/2021, 20:01:43","pid":19308,"hostname":"DESKTOP-5T9QAVF","reqId":"req-19","body":{"title":"Autotest board","columns":[{"title":"Backlog","order":1},{"title":"Sprint","order":2}]},"msg":"parsed body"}
{"level":30,"time":"24/12/2021, 20:01:43","pid":19308,"hostname":"DESKTOP-5T9QAVF","reqId":"req-19","res":{"statusCode":201},"responseTime":1.1066000014543533,"msg":"request completed"}
{"level":30,"time":"24/12/2021, 20:01:43","pid":19308,"hostname":"DESKTOP-5T9QAVF","reqId":"req-1a","req":{"method":"POST","url":"/boards/6da0db4e-5e3b-443d-a8dc-d32d0d270156/tasks","path":"/boards/:boardId/tasks","parameters":{"boardId":"6da0db4e-5e3b-443d-a8dc-d32d0d270156"},"query":{},"headers":{"host":"localhost:4001","accept-encoding":"gzip, deflate","content-type":"application/json","accept":"application/json","content-length":"154","connection":"close"}},"msg":"incoming request"}
{"level":30,"time":"24/12/2021, 20:01:43","pid":19308,"hostname":"DESKTOP-5T9QAVF","reqId":"req-1a","body":{"title":"Task #1","order":1,"description":"Lorem ipsum","userId":"bbbe1d0d-a1d3-4a39-bdbc-a9b28ce480ee","boardId":"6da0db4e-5e3b-443d-a8dc-d32d0d270156"},"msg":"parsed body"}
{"level":30,"time":"24/12/2021, 20:01:43","pid":19308,"hostname":"DESKTOP-5T9QAVF","reqId":"req-1a","res":{"statusCode":201},"responseTime":0.6639000028371811,"msg":"request completed"}
{"level":30,"time":"24/12/2021, 20:01:43","pid":19308,"hostname":"DESKTOP-5T9QAVF","reqId":"req-1b","req":{"method":"POST","url":"/boards/6da0db4e-5e3b-443d-a8dc-d32d0d270156/tasks","path":"/boards/:boardId/tasks","parameters":{"boardId":"6da0db4e-5e3b-443d-a8dc-d32d0d270156"},"query":{},"headers":{"host":"localhost:4001","accept-encoding":"gzip, deflate","content-type":"application/json","accept":"application/json","content-length":"154","connection":"close"}},"msg":"incoming request"}
{"level":30,"time":"24/12/2021, 20:01:43","pid":19308,"hostname":"DESKTOP-5T9QAVF","reqId":"req-1b","body":{"title":"Task #2","order":2,"description":"Lorem ipsum","userId":"bbbe1d0d-a1d3-4a39-bdbc-a9b28ce480ee","boardId":"6da0db4e-5e3b-443d-a8dc-d32d0d270156"},"msg":"parsed body"}
{"level":30,"time":"24/12/2021, 20:01:43","pid":19308,"hostname":"DESKTOP-5T9QAVF","reqId":"req-1b","res":{"statusCode":201},"responseTime":0.5770999938249588,"msg":"request completed"}
{"level":30,"time":"24/12/2021, 20:01:43","pid":19308,"hostname":"DESKTOP-5T9QAVF","reqId":"req-1c","req":{"method":"DELETE","url":"/users/bbbe1d0d-a1d3-4a39-bdbc-a9b28ce480ee","path":"/users/:userId","parameters":{"userId":"bbbe1d0d-a1d3-4a39-bdbc-a9b28ce480ee"},"query":{},"headers":{"host":"localhost:4001","accept-encoding":"gzip, deflate","connection":"close"}},"msg":"incoming request"}
{"level":30,"time":"24/12/2021, 20:01:43","pid":19308,"hostname":"DESKTOP-5T9QAVF","reqId":"req-1c","res":{"statusCode":200},"responseTime":0.4423999935388565,"msg":"request completed"}
{"level":30,"time":"24/12/2021, 20:01:43","pid":19308,"hostname":"DESKTOP-5T9QAVF","reqId":"req-1d","req":{"method":"GET","url":"/boards/6da0db4e-5e3b-443d-a8dc-d32d0d270156/tasks/5acb52b6-b0a5-4d6b-a2bb-8f5dd761d02c","path":"/boards/:boardId/tasks/:taskId","parameters":{"boardId":"6da0db4e-5e3b-443d-a8dc-d32d0d270156","taskId":"5acb52b6-b0a5-4d6b-a2bb-8f5dd761d02c"},"query":{},"headers":{"host":"localhost:4001","accept-encoding":"gzip, deflate","accept":"application/json","connection":"close"}},"msg":"incoming request"}
{"level":30,"time":"24/12/2021, 20:01:43","pid":19308,"hostname":"DESKTOP-5T9QAVF","reqId":"req-1d","res":{"statusCode":200},"responseTime":0.4900999963283539,"msg":"request completed"}
{"level":30,"time":"24/12/2021, 20:01:43","pid":19308,"hostname":"DESKTOP-5T9QAVF","reqId":"req-1e","req":{"method":"GET","url":"/boards/6da0db4e-5e3b-443d-a8dc-d32d0d270156/tasks/29bc14ab-c6fb-428a-9c4e-4696add86f63","path":"/boards/:boardId/tasks/:taskId","parameters":{"boardId":"6da0db4e-5e3b-443d-a8dc-d32d0d270156","taskId":"29bc14ab-c6fb-428a-9c4e-4696add86f63"},"query":{},"headers":{"host":"localhost:4001","accept-encoding":"gzip, deflate","accept":"application/json","connection":"close"}},"msg":"incoming request"}
{"level":30,"time":"24/12/2021, 20:01:43","pid":19308,"hostname":"DESKTOP-5T9QAVF","reqId":"req-1e","res":{"statusCode":200},"responseTime":0.2704000025987625,"msg":"request completed"}
{"level":30,"time":"24/12/2021, 20:01:43","pid":19308,"hostname":"DESKTOP-5T9QAVF","reqId":"req-1f","req":{"method":"DELETE","url":"/boards/6da0db4e-5e3b-443d-a8dc-d32d0d270156/tasks/5acb52b6-b0a5-4d6b-a2bb-8f5dd761d02c","path":"/boards/:boardId/tasks/:taskId","parameters":{"boardId":"6da0db4e-5e3b-443d-a8dc-d32d0d270156","taskId":"5acb52b6-b0a5-4d6b-a2bb-8f5dd761d02c"},"query":{},"headers":{"host":"localhost:4001","accept-encoding":"gzip, deflate","connection":"close"}},"msg":"incoming request"}
{"level":30,"time":"24/12/2021, 20:01:43","pid":19308,"hostname":"DESKTOP-5T9QAVF","reqId":"req-1f","res":{"statusCode":200},"responseTime":0.45639999955892563,"msg":"request completed"}
{"level":30,"time":"24/12/2021, 20:01:43","pid":19308,"hostname":"DESKTOP-5T9QAVF","reqId":"req-1g","req":{"method":"DELETE","url":"/boards/6da0db4e-5e3b-443d-a8dc-d32d0d270156/tasks/29bc14ab-c6fb-428a-9c4e-4696add86f63","path":"/boards/:boardId/tasks/:taskId","parameters":{"boardId":"6da0db4e-5e3b-443d-a8dc-d32d0d270156","taskId":"29bc14ab-c6fb-428a-9c4e-4696add86f63"},"query":{},"headers":{"host":"localhost:4001","accept-encoding":"gzip, deflate","connection":"close"}},"msg":"incoming request"}
{"level":30,"time":"24/12/2021, 20:01:43","pid":19308,"hostname":"DESKTOP-5T9QAVF","reqId":"req-1g","res":{"statusCode":200},"responseTime":0.2452000007033348,"msg":"request completed"}
{"level":30,"time":"24/12/2021, 20:01:43","pid":19308,"hostname":"DESKTOP-5T9QAVF","reqId":"req-1h","req":{"method":"DELETE","url":"/boards/6da0db4e-5e3b-443d-a8dc-d32d0d270156","path":"/boards/:boardId","parameters":{"boardId":"6da0db4e-5e3b-443d-a8dc-d32d0d270156"},"query":{},"headers":{"host":"localhost:4001","accept-encoding":"gzip, deflate","connection":"close"}},"msg":"incoming request"}
{"level":30,"time":"24/12/2021, 20:01:43","pid":19308,"hostname":"DESKTOP-5T9QAVF","reqId":"req-1h","res":{"statusCode":200},"responseTime":0.27650000154972076,"msg":"request completed"}
{"level":30,"time":"24/12/2021, 20:01:43","pid":19308,"hostname":"DESKTOP-5T9QAVF","reqId":"req-1i","req":{"method":"POST","url":"/boards","path":"/boards","parameters":{},"query":{},"headers":{"host":"localhost:4001","accept-encoding":"gzip, deflate","accept":"application/json","content-type":"application/json","content-length":"97","connection":"close"}},"msg":"incoming request"}
{"level":30,"time":"24/12/2021, 20:01:43","pid":19308,"hostname":"DESKTOP-5T9QAVF","reqId":"req-1i","body":{"title":"Autotest board","columns":[{"title":"Backlog","order":1},{"title":"Sprint","order":2}]},"msg":"parsed body"}
{"level":30,"time":"24/12/2021, 20:01:43","pid":19308,"hostname":"DESKTOP-5T9QAVF","reqId":"req-1i","res":{"statusCode":201},"responseTime":0.8244000002741814,"msg":"request completed"}
{"level":30,"time":"24/12/2021, 20:01:43","pid":19308,"hostname":"DESKTOP-5T9QAVF","reqId":"req-1j","req":{"method":"POST","url":"/boards/a8487f09-223e-48df-a9fa-f19a69878e1d/tasks","path":"/boards/:boardId/tasks","parameters":{"boardId":"a8487f09-223e-48df-a9fa-f19a69878e1d"},"query":{},"headers":{"host":"localhost:4001","accept-encoding":"gzip, deflate","accept":"application/json","content-type":"application/json","content-length":"108","connection":"close"}},"msg":"incoming request"}
{"level":30,"time":"24/12/2021, 20:01:43","pid":19308,"hostname":"DESKTOP-5T9QAVF","reqId":"req-1j","body":{"title":"Autotest task","order":0,"description":"Lorem ipsum","userId":null,"boardId":null,"columnId":null},"msg":"parsed body"}
{"level":30,"time":"24/12/2021, 20:01:43","pid":19308,"hostname":"DESKTOP-5T9QAVF","reqId":"req-1j","res":{"statusCode":201},"responseTime":0.6541999951004982,"msg":"request completed"}
{"level":30,"time":"24/12/2021, 20:01:43","pid":19308,"hostname":"DESKTOP-5T9QAVF","reqId":"req-1k","req":{"method":"GET","url":"/boards/a8487f09-223e-48df-a9fa-f19a69878e1d/tasks","path":"/boards/:boardId/tasks","parameters":{"boardId":"a8487f09-223e-48df-a9fa-f19a69878e1d"},"query":{},"headers":{"host":"localhost:4001","accept-encoding":"gzip, deflate","accept":"application/json","connection":"close"}},"msg":"incoming request"}
{"level":30,"time":"24/12/2021, 20:01:43","pid":19308,"hostname":"DESKTOP-5T9QAVF","reqId":"req-1k","res":{"statusCode":200},"responseTime":1.2063999995589256,"msg":"request completed"}
{"level":30,"time":"24/12/2021, 20:01:43","pid":19308,"hostname":"DESKTOP-5T9QAVF","reqId":"req-1l","req":{"method":"GET","url":"/boards/a8487f09-223e-48df-a9fa-f19a69878e1d/tasks","path":"/boards/:boardId/tasks","parameters":{"boardId":"a8487f09-223e-48df-a9fa-f19a69878e1d"},"query":{},"headers":{"host":"localhost:4001","accept-encoding":"gzip, deflate","connection":"close"}},"msg":"incoming request"}
{"level":30,"time":"24/12/2021, 20:01:43","pid":19308,"hostname":"DESKTOP-5T9QAVF","reqId":"req-1l","res":{"statusCode":200},"responseTime":0.32280000299215317,"msg":"request completed"}
{"level":30,"time":"24/12/2021, 20:01:43","pid":19308,"hostname":"DESKTOP-5T9QAVF","reqId":"req-1m","req":{"method":"GET","url":"/boards/a8487f09-223e-48df-a9fa-f19a69878e1d/tasks/f7ede860-9cec-40c9-910d-4a37ff4496af","path":"/boards/:boardId/tasks/:taskId","parameters":{"boardId":"a8487f09-223e-48df-a9fa-f19a69878e1d","taskId":"f7ede860-9cec-40c9-910d-4a37ff4496af"},"query":{},"headers":{"host":"localhost:4001","accept-encoding":"gzip, deflate","accept":"application/json","connection":"close"}},"msg":"incoming request"}
{"level":30,"time":"24/12/2021, 20:01:43","pid":19308,"hostname":"DESKTOP-5T9QAVF","reqId":"req-1m","res":{"statusCode":200},"responseTime":0.3025999963283539,"msg":"request completed"}
{"level":30,"time":"24/12/2021, 20:01:43","pid":19308,"hostname":"DESKTOP-5T9QAVF","reqId":"req-1n","req":{"method":"POST","url":"/boards/a8487f09-223e-48df-a9fa-f19a69878e1d/tasks","path":"/boards/:boardId/tasks","parameters":{"boardId":"a8487f09-223e-48df-a9fa-f19a69878e1d"},"query":{},"headers":{"host":"localhost:4001","accept-encoding":"gzip, deflate","accept":"application/json","content-type":"application/json","content-length":"108","connection":"close"}},"msg":"incoming request"}
{"level":30,"time":"24/12/2021, 20:01:43","pid":19308,"hostname":"DESKTOP-5T9QAVF","reqId":"req-1n","body":{"title":"Autotest task","order":0,"description":"Lorem ipsum","userId":null,"boardId":null,"columnId":null},"msg":"parsed body"}
{"level":30,"time":"24/12/2021, 20:01:43","pid":19308,"hostname":"DESKTOP-5T9QAVF","reqId":"req-1n","res":{"statusCode":201},"responseTime":0.9410999938845634,"msg":"request completed"}
{"level":30,"time":"24/12/2021, 20:01:43","pid":19308,"hostname":"DESKTOP-5T9QAVF","reqId":"req-1o","req":{"method":"DELETE","url":"/boards/a8487f09-223e-48df-a9fa-f19a69878e1d/tasks/b56436f8-0a52-4539-a7a6-60a48be490a8","path":"/boards/:boardId/tasks/:taskId","parameters":{"boardId":"a8487f09-223e-48df-a9fa-f19a69878e1d","taskId":"b56436f8-0a52-4539-a7a6-60a48be490a8"},"query":{},"headers":{"host":"localhost:4001","accept-encoding":"gzip, deflate","connection":"close"}},"msg":"incoming request"}
{"level":30,"time":"24/12/2021, 20:01:43","pid":19308,"hostname":"DESKTOP-5T9QAVF","reqId":"req-1o","res":{"statusCode":200},"responseTime":0.4171999990940094,"msg":"request completed"}
{"level":30,"time":"24/12/2021, 20:01:43","pid":19308,"hostname":"DESKTOP-5T9QAVF","reqId":"req-1p","req":{"method":"POST","url":"/boards/a8487f09-223e-48df-a9fa-f19a69878e1d/tasks","path":"/boards/:boardId/tasks","parameters":{"boardId":"a8487f09-223e-48df-a9fa-f19a69878e1d"},"query":{},"headers":{"host":"localhost:4001","accept-encoding":"gzip, deflate","accept":"application/json","content-type":"application/json","content-length":"108","connection":"close"}},"msg":"incoming request"}
{"level":30,"time":"24/12/2021, 20:01:43","pid":19308,"hostname":"DESKTOP-5T9QAVF","reqId":"req-1p","body":{"title":"Autotest task","order":0,"description":"Lorem ipsum","userId":null,"boardId":null,"columnId":null},"msg":"parsed body"}
{"level":30,"time":"24/12/2021, 20:01:43","pid":19308,"hostname":"DESKTOP-5T9QAVF","reqId":"req-1p","res":{"statusCode":201},"responseTime":0.6600000038743019,"msg":"request completed"}
{"level":30,"time":"24/12/2021, 20:01:43","pid":19308,"hostname":"DESKTOP-5T9QAVF","reqId":"req-1q","req":{"method":"PUT","url":"/boards/a8487f09-223e-48df-a9fa-f19a69878e1d/tasks/eee04acc-1057-4934-9f62-0d021f642580","path":"/boards/:boardId/tasks/:taskId","parameters":{"boardId":"a8487f09-223e-48df-a9fa-f19a69878e1d","taskId":"eee04acc-1057-4934-9f62-0d021f642580"},"query":{},"headers":{"host":"localhost:4001","accept-encoding":"gzip, deflate","accept":"application/json","content-type":"application/json","content-length":"194","connection":"close"}},"msg":"incoming request"}
{"level":30,"time":"24/12/2021, 20:01:43","pid":19308,"hostname":"DESKTOP-5T9QAVF","reqId":"req-1q","body":{"id":"eee04acc-1057-4934-9f62-0d021f642580","title":"Autotest updated task","order":0,"description":"Lorem ipsum","userId":null,"boardId":"a8487f09-223e-48df-a9fa-f19a69878e1d","columnId":null},"msg":"parsed body"}
{"level":30,"time":"24/12/2021, 20:01:43","pid":19308,"hostname":"DESKTOP-5T9QAVF","reqId":"req-1q","res":{"statusCode":200},"responseTime":0.8513000011444092,"msg":"request completed"}
{"level":30,"time":"24/12/2021, 20:01:43","pid":19308,"hostname":"DESKTOP-5T9QAVF","reqId":"req-1r","req":{"method":"GET","url":"/boards/a8487f09-223e-48df-a9fa-f19a69878e1d/tasks/eee04acc-1057-4934-9f62-0d021f642580","path":"/boards/:boardId/tasks/:taskId","parameters":{"boardId":"a8487f09-223e-48df-a9fa-f19a69878e1d","taskId":"eee04acc-1057-4934-9f62-0d021f642580"},"query":{},"headers":{"host":"localhost:4001","accept-encoding":"gzip, deflate","accept":"application/json","connection":"close"}},"msg":"incoming request"}
{"level":30,"time":"24/12/2021, 20:01:43","pid":19308,"hostname":"DESKTOP-5T9QAVF","reqId":"req-1r","res":{"statusCode":200},"responseTime":0.31949999928474426,"msg":"request completed"}
{"level":30,"time":"24/12/2021, 20:01:43","pid":19308,"hostname":"DESKTOP-5T9QAVF","reqId":"req-1s","req":{"method":"GET","url":"/boards/a8487f09-223e-48df-a9fa-f19a69878e1d/tasks/f7ede860-9cec-40c9-910d-4a37ff4496af","path":"/boards/:boardId/tasks/:taskId","parameters":{"boardId":"a8487f09-223e-48df-a9fa-f19a69878e1d","taskId":"f7ede860-9cec-40c9-910d-4a37ff4496af"},"query":{},"headers":{"host":"localhost:4001","accept-encoding":"gzip, deflate","connection":"close"}},"msg":"incoming request"}
{"level":30,"time":"24/12/2021, 20:01:43","pid":19308,"hostname":"DESKTOP-5T9QAVF","reqId":"req-1s","res":{"statusCode":200},"responseTime":0.31030000001192093,"msg":"request completed"}
{"level":30,"time":"24/12/2021, 20:01:43","pid":19308,"hostname":"DESKTOP-5T9QAVF","reqId":"req-1t","req":{"method":"DELETE","url":"/boards/a8487f09-223e-48df-a9fa-f19a69878e1d/tasks/f7ede860-9cec-40c9-910d-4a37ff4496af","path":"/boards/:boardId/tasks/:taskId","parameters":{"boardId":"a8487f09-223e-48df-a9fa-f19a69878e1d","taskId":"f7ede860-9cec-40c9-910d-4a37ff4496af"},"query":{},"headers":{"host":"localhost:4001","accept-encoding":"gzip, deflate","connection":"close"}},"msg":"incoming request"}
{"level":30,"time":"24/12/2021, 20:01:43","pid":19308,"hostname":"DESKTOP-5T9QAVF","reqId":"req-1t","res":{"statusCode":200},"responseTime":0.43630000203847885,"msg":"request completed"}
{"level":30,"time":"24/12/2021, 20:01:43","pid":19308,"hostname":"DESKTOP-5T9QAVF","reqId":"req-1u","req":{"method":"GET","url":"/boards/a8487f09-223e-48df-a9fa-f19a69878e1d/tasks/f7ede860-9cec-40c9-910d-4a37ff4496af","path":"/boards/:boardId/tasks/:taskId","parameters":{"boardId":"a8487f09-223e-48df-a9fa-f19a69878e1d","taskId":"f7ede860-9cec-40c9-910d-4a37ff4496af"},"query":{},"headers":{"host":"localhost:4001","accept-encoding":"gzip, deflate","connection":"close"}},"msg":"incoming request"}
{"level":30,"time":"24/12/2021, 20:01:43","pid":19308,"hostname":"DESKTOP-5T9QAVF","reqId":"req-1u","res":{"statusCode":404},"responseTime":0.24239999800920486,"msg":"request completed"}
{"level":30,"time":"24/12/2021, 20:01:43","pid":19308,"hostname":"DESKTOP-5T9QAVF","reqId":"req-1v","req":{"method":"DELETE","url":"/boards/a8487f09-223e-48df-a9fa-f19a69878e1d","path":"/boards/:boardId","parameters":{"boardId":"a8487f09-223e-48df-a9fa-f19a69878e1d"},"query":{},"headers":{"host":"localhost:4001","accept-encoding":"gzip, deflate","connection":"close"}},"msg":"incoming request"}
{"level":30,"time":"24/12/2021, 20:01:43","pid":19308,"hostname":"DESKTOP-5T9QAVF","reqId":"req-1v","res":{"statusCode":200},"responseTime":0.32990000396966934,"msg":"request completed"}
